<?xml version="1.0" encoding="UTF-8"?>
<!-- Generated by org.testng.reporters.JUnitReportReporter -->
<testsuite hostname="WINSN185240-MVQ" failures="0" tests="1" name="demoProject.DemoTest" time="5.135" errors="0" timestamp="19 Apr 2022 10:32:02 GMT" skipped="0">
  <testcase classname="demoProject.DemoTest" name="validateLoginToIntranet" time="5.135"/>
</testsuite> <!-- demoProject.DemoTest -->
