<?xml version="1.0" encoding="UTF-8"?>
<!-- Generated by org.testng.reporters.JUnitReportReporter -->
<testsuite hostname="WINSN185240-MVQ" failures="0" tests="1" name="demoProject.DemoTest" time="3.378" errors="0" timestamp="18 Apr 2022 10:19:49 GMT" skipped="0">
  <testcase classname="demoProject.DemoTest" name="validateLoginToIntranet" time="3.378"/>
</testsuite> <!-- demoProject.DemoTest -->
